Unity Editor version:    2020.3.22f1 (e1a7f79fd887)
Branch:                  2020.3/staging
Build type:              Release
Batch mode:              YES
macOS version:           Version 12.0.1 (Build 21A559)
Darwin version:          21.1.0
Architecture:            x86_64
Running under Rosetta:   NO
Available memory:        16384 MB
Using pre-set license
Pro License: NO

COMMAND LINE ARGUMENTS:
/Applications/Unity/Hub/Editor/2020.3.22f1/Unity.app/Contents/MacOS/Unity
-adb2
-batchMode
-noUpm
-name
AssetImportWorker0
-projectPath
/Users/greasy_panic/Desktop/FALL 2021/IMM 360/Project3-2D_Puzzler
-logFile
Logs/AssetImportWorker0.log
-srvPort
51725
Successfully changed project path to: /Users/greasy_panic/Desktop/FALL 2021/IMM 360/Project3-2D_Puzzler
/Users/greasy_panic/Desktop/FALL 2021/IMM 360/Project3-2D_Puzzler
Using Asset Import Pipeline V2.
Refreshing native plugins compatible for Editor in 55.75 ms, found 3 plugins.
Preloading 0 native plugins for Editor in 0.00 ms.
Initialize engine version: 2020.3.22f1 (e1a7f79fd887)
[Subsystems] Discovering subsystems at path /Applications/Unity/Hub/Editor/2020.3.22f1/Unity.app/Contents/Resources/UnitySubsystems
[Subsystems] Discovering subsystems at path /Users/greasy_panic/Desktop/FALL 2021/IMM 360/Project3-2D_Puzzler/Assets
GfxDevice: creating device client; threaded=0
2021-12-17 21:31:21.811 Unity[6857:472886] Color LCD preferred device: Intel(R) UHD Graphics 630 (low power)
2021-12-17 21:31:21.811 Unity[6857:472886] Metal devices available: 2
2021-12-17 21:31:21.811 Unity[6857:472886] 0: AMD Radeon Pro 560X (high power)
2021-12-17 21:31:21.811 Unity[6857:472886] 1: Intel(R) UHD Graphics 630 (low power)
2021-12-17 21:31:21.811 Unity[6857:472886] Using device AMD Radeon Pro 560X (high power)
Initializing Metal device caps: AMD Radeon Pro 560X
Initialize mono
Mono path[0] = '/Applications/Unity/Hub/Editor/2020.3.22f1/Unity.app/Contents/Managed'
Mono path[1] = '/Applications/Unity/Hub/Editor/2020.3.22f1/Unity.app/Contents/MonoBleedingEdge/lib/mono/unityjit'
Mono config path = '/Applications/Unity/Hub/Editor/2020.3.22f1/Unity.app/Contents/MonoBleedingEdge/etc'
Using monoOptions --debugger-agent=transport=dt_socket,embedding=1,server=y,suspend=n,address=127.0.0.1:56857
Begin MonoManager ReloadAssembly
Registering precompiled unity dll's ...
Register platform support module: /Applications/Unity/Hub/Editor/2020.3.22f1/PlaybackEngines/WebGLSupport/UnityEditor.WebGL.Extensions.dll
Register platform support module: /Applications/Unity/Hub/Editor/2020.3.22f1/Unity.app/Contents/PlaybackEngines/MacStandaloneSupport/UnityEditor.OSXStandalone.Extensions.dll
Registered in 0.003846 seconds.
Native extension for OSXStandalone target not found
Native extension for WebGL target not found
Refreshing native plugins compatible for Editor in 50.05 ms, found 3 plugins.
Preloading 0 native plugins for Editor in 0.00 ms.
Mono: successfully reloaded assembly
- Completed reload, in  1.742 seconds
Domain Reload Profiling:
	ReloadAssembly (1742ms)
		BeginReloadAssembly (40ms)
			ExecutionOrderSort (0ms)
			DisableScriptedObjects (0ms)
			BackupInstance (0ms)
			ReleaseScriptingObjects (0ms)
			CreateAndSetChildDomain (1ms)
		EndReloadAssembly (473ms)
			LoadAssemblies (41ms)
			RebuildTransferFunctionScriptingTraits (0ms)
			SetupTypeCache (165ms)
			ReleaseScriptCaches (0ms)
			RebuildScriptCaches (34ms)
			SetupLoadedEditorAssemblies (181ms)
				LogAssemblyErrors (0ms)
				InitializePlatformSupportModulesInManaged (4ms)
				SetLoadedEditorAssemblies (0ms)
				RefreshPlugins (50ms)
				BeforeProcessingInitializeOnLoad (8ms)
				ProcessInitializeOnLoadAttributes (92ms)
				ProcessInitializeOnLoadMethodAttributes (26ms)
				AfterProcessingInitializeOnLoad (0ms)
				EditorAssembliesLoaded (0ms)
			ExecutionOrderSort2 (0ms)
			AwakeInstancesAfterBackupRestoration (0ms)
Platform modules already initialized, skipping
Registering precompiled user dll's ...
Registered in 0.009062 seconds.
Begin MonoManager ReloadAssembly
Native extension for OSXStandalone target not found
Native extension for WebGL target not found
Refreshing native plugins compatible for Editor in 43.81 ms, found 3 plugins.
Preloading 0 native plugins for Editor in 0.00 ms.
Mono: successfully reloaded assembly
- Completed reload, in  1.172 seconds
Domain Reload Profiling:
	ReloadAssembly (1173ms)
		BeginReloadAssembly (138ms)
			ExecutionOrderSort (0ms)
			DisableScriptedObjects (4ms)
			BackupInstance (0ms)
			ReleaseScriptingObjects (0ms)
			CreateAndSetChildDomain (20ms)
		EndReloadAssembly (974ms)
			LoadAssemblies (113ms)
			RebuildTransferFunctionScriptingTraits (0ms)
			SetupTypeCache (326ms)
			ReleaseScriptCaches (0ms)
			RebuildScriptCaches (53ms)
			SetupLoadedEditorAssemblies (368ms)
				LogAssemblyErrors (0ms)
				InitializePlatformSupportModulesInManaged (4ms)
				SetLoadedEditorAssemblies (0ms)
				RefreshPlugins (44ms)
				BeforeProcessingInitializeOnLoad (55ms)
				ProcessInitializeOnLoadAttributes (245ms)
				ProcessInitializeOnLoadMethodAttributes (18ms)
				AfterProcessingInitializeOnLoad (1ms)
				EditorAssembliesLoaded (0ms)
			ExecutionOrderSort2 (0ms)
			AwakeInstancesAfterBackupRestoration (7ms)
Platform modules already initialized, skipping
Validating Project structure ... 0.004567 seconds.
Shader import version has changed; will reimport all shaders...
Upgrading shader files ...0.003075 seconds.
Application.AssetDatabase Initial Script Refresh Start
RefreshInfo: InitialScriptRefreshV2(NoUpdateAssetOptions) scanfilter:  ... 1 filters
RefreshProfiler: Total: 0.000ms
Application.AssetDatabase Initial Script Refresh End
Application.AssetDatabase.Refresh Start
Application.AssetDatabase.Refresh End
RefreshInfo: StopAssetImportingV2(ForceSynchronousImport) scanfilter: 
RefreshProfiler: Total: 0.000ms
Launching external process: /Applications/Unity/Hub/Editor/2020.3.22f1/Unity.app/Contents/Tools/UnityShaderCompiler
Launched and connected shader compiler UnityShaderCompiler after 0.01 seconds
Initializing Unity extensions:
2021-12-17 21:31:26.348 Unity[6857:472886] NSEventModifierFlagFunction specified to -setKeyEquivalentModifierMask: for item <NSMenuItem: 0x600003b52bc0 Font Asset, ke='Command-F12'>, but is only supported for system-provided menu items; will not be used
2021-12-17 21:31:26.352 Unity[6857:472886] NSEventModifierFlagFunction specified to -setKeyEquivalentModifierMask: for item <NSMenuItem: 0x600003b44690 Font Asset, ke='Command-F12'>, but is only supported for system-provided menu items; will not be used
========================================================================
Worker process is ready to serve import requests
Refreshing native plugins compatible for Editor in 0.39 ms, found 3 plugins.
Preloading 0 native plugins for Editor in 0.00 ms.
Unloading 2482 Unused Serialized files (Serialized files now loaded: 0)
System memory in use before: 246.3 MB.
System memory in use after: 245.6 MB.

Unloading 116 unused Assets to reduce memory usage. Loaded Objects now: 2957.
Total: 4.022328 ms (FindLiveObjects: 0.246181 ms CreateObjectMapping: 0.108900 ms MarkObjects: 3.170372 ms  DeleteObjects: 0.495992 ms)

AssetImportParameters requested are different than current active one (requested -> active):
  custom:video-decoder-ogg-theora: a1e56fd34408186e4bbccfd4996cb3dc -> 
  custom:container-muxer-webm: aa71ff27fc2769a1b78a27578f13a17b -> 
  custom:container-demuxer-webm: 4f35f7cbe854078d1ac9338744f61a02 -> 
  custom:container-demuxer-ogg: 62fdf1f143b41e24485cea50d1cbac27 -> 
  custom:video-encoder-webm-vp8: eb34c28f22e8b96e1ab97ce403110664 -> 
  custom:framework-osx-AVFoundation: e770b220cccbd017edd2c1fefb359320 -> 
  custom:video-decoder-webm-vp8: 9c59270c3fd7afecdb556c50c9e8de78 -> 
  custom:audio-decoder-ogg-vorbis: bf7c407c2cedff20999df2af8eb42d56 -> 
  custom:audio-encoder-webm-vorbis: bf7c407c2cedff20999df2af8eb42d56 -> 
========================================================================
Received Import Request.
  path: Assets/Music/Valorant_-_Steps_Stepping_-_Gamin_adjusted(getmp3.pro).mp3
  artifactKey: Guid(8d4bd0f9a77c24fae82d2254834a29ce) Importer(815301076,1909f56bfc062723c751e8b465ee728b)
Start importing Assets/Music/Valorant_-_Steps_Stepping_-_Gamin_adjusted(getmp3.pro).mp3 using Guid(8d4bd0f9a77c24fae82d2254834a29ce) Importer(815301076,1909f56bfc062723c751e8b465ee728b)  -> (artifact id: 'fceba784849ae98ce3caab5a2456c8c6') in 0.915433 seconds 
  Import took 0.921842 seconds .

========================================================================
Received Import Request.
  Time since last request: 0.003537 seconds.
  path: Assets/Music/RUST_FOOTSTEPS_SOUND_EFFECT_(getmp3.pro).mp3
  artifactKey: Guid(b9bbdc5b042d949f9a920e137df60d6f) Importer(815301076,1909f56bfc062723c751e8b465ee728b)
Start importing Assets/Music/RUST_FOOTSTEPS_SOUND_EFFECT_(getmp3.pro).mp3 using Guid(b9bbdc5b042d949f9a920e137df60d6f) Importer(815301076,1909f56bfc062723c751e8b465ee728b)  -> (artifact id: '76e30c2794e638bf890ad1495c52d4f2') in 0.020586 seconds 
  Import took 0.025285 seconds .

========================================================================
Received Import Request.
  Time since last request: 0.000655 seconds.
  path: Assets/Music/Pokemon_Wall_Bump_Sound_Effect_(getmp3.pro).mp3
  artifactKey: Guid(0774f8232f79e43ebabcce46e8ef6fbf) Importer(815301076,1909f56bfc062723c751e8b465ee728b)
Start importing Assets/Music/Pokemon_Wall_Bump_Sound_Effect_(getmp3.pro).mp3 using Guid(0774f8232f79e43ebabcce46e8ef6fbf) Importer(815301076,1909f56bfc062723c751e8b465ee728b)  -> (artifact id: '9851d6b6c53ee66da6bf388370595e42') in 0.009213 seconds 
  Import took 0.013711 seconds .

========================================================================
Received Import Request.
  Time since last request: 0.000214 seconds.
  path: Assets/Music/Story_of_Seasons_Friends_of_Minera_(getmp3.pro).mp3
  artifactKey: Guid(768f3169767dc4c1487536d19cb3a37d) Importer(815301076,1909f56bfc062723c751e8b465ee728b)
Start importing Assets/Music/Story_of_Seasons_Friends_of_Minera_(getmp3.pro).mp3 using Guid(768f3169767dc4c1487536d19cb3a37d) Importer(815301076,1909f56bfc062723c751e8b465ee728b)  -> (artifact id: 'a071435722b374791dc47a899123548c') in 0.010041 seconds 
  Import took 0.013785 seconds .

========================================================================
Received Import Request.
  Time since last request: 0.000267 seconds.
  path: Assets/Music/Valorant_-_Steps_Stepping_-_Gamin_(getmp3.pro).mp3
  artifactKey: Guid(20204ba9dfb3d48eaa75a9548bc57943) Importer(815301076,1909f56bfc062723c751e8b465ee728b)
Start importing Assets/Music/Valorant_-_Steps_Stepping_-_Gamin_(getmp3.pro).mp3 using Guid(20204ba9dfb3d48eaa75a9548bc57943) Importer(815301076,1909f56bfc062723c751e8b465ee728b)  -> (artifact id: 'ffc605dc5196ad118a55f07d6a64a3be') in 0.008564 seconds 
  Import took 0.012309 seconds .

========================================================================
Received Import Request.
  Time since last request: 0.000183 seconds.
  path: Assets/Music/Game_bump_-_sound_effect_(getmp3.pro).mp3
  artifactKey: Guid(2ea964bc0aa24400294a623e207443e5) Importer(815301076,1909f56bfc062723c751e8b465ee728b)
Start importing Assets/Music/Game_bump_-_sound_effect_(getmp3.pro).mp3 using Guid(2ea964bc0aa24400294a623e207443e5) Importer(815301076,1909f56bfc062723c751e8b465ee728b)  -> (artifact id: '5089d8293f228d1f2898b4cd6a6454b2') in 0.010516 seconds 
  Import took 0.014385 seconds .

========================================================================
Received Import Request.
  Time since last request: 4.575213 seconds.
  path: Assets/Scripts/CollisionDetect.cs
  artifactKey: Guid(19065d10c9bd9450ea473d78324aca55) Importer(815301076,1909f56bfc062723c751e8b465ee728b)
Start importing Assets/Scripts/CollisionDetect.cs using Guid(19065d10c9bd9450ea473d78324aca55) Importer(815301076,1909f56bfc062723c751e8b465ee728b)  -> (artifact id: '3299aea9cd7adcd6b14523d420c16b69') in 0.204354 seconds 
  Import took 0.209668 seconds .

========================================================================
Received Import Request.
  Time since last request: 24.611639 seconds.
  path: Assets/Scripts/levelManager.cs
  artifactKey: Guid(5082361e34633427896de0ef8c61e4f5) Importer(815301076,1909f56bfc062723c751e8b465ee728b)
Start importing Assets/Scripts/levelManager.cs using Guid(5082361e34633427896de0ef8c61e4f5) Importer(815301076,1909f56bfc062723c751e8b465ee728b)  -> (artifact id: 'c5d1725ba0dd46f4e6460abaca8c11e7') in 0.003860 seconds 
  Import took 0.008625 seconds .

AssetImportWorkerClient::OnTransportError - code=2 error=End of file
